<?xml version="1.0" encoding="UTF-8"?>
<!-- Generated by org.testng.reporters.JUnitXMLReporter -->
<testsuite hostname="PMFLLT8" ignored="1" name="Default test" tests="1" failures="0" timestamp="13 Sep 2018 18:47:36 GMT" time="15.807" errors="0">
  <testcase name="checkValidationMsg" time="0.478" classname="automationframework.ContactPageValidation"/>
  <testcase name="inputValues" time="0.0" classname="automationframework.ContactPageValidation">
    <ignored/>
  </testcase> <!-- inputValues -->
</testsuite> <!-- Default test -->
