<?xml version="1.0" encoding="UTF-8"?>
<!-- Generated by org.testng.reporters.JUnitXMLReporter -->
<testsuite hostname="PMFLLT8" ignored="0" name="Test" tests="2" failures="1" timestamp="13 Sep 2018 15:10:04 GMT" time="20.552" errors="0">
  <testcase name="checkValidationMsg" time="0.601" classname="automationframework.ContactPageValidation"/>
  <testcase name="inputValues" time="0.431" classname="automationframework.ContactPageValidation">
    <failure type="java.lang.AssertionError" message="The following asserts failed:
	expected [Validation Msg is appearing] but found [false]">
      <![CDATA[java.lang.AssertionError: The following asserts failed:
expected [Validation Msg is appearing] but found [false]
at automationframework.ContactPageValidation.inputValues(ContactPageValidation.java:92)
... Removed 26 stack frames]]>
    </failure>
  </testcase> <!-- inputValues -->
</testsuite> <!-- Test -->
