<?xml version="1.0" encoding="UTF-8"?>
<testng-results skipped="0" failed="1" ignored="0" total="4" passed="3">
  <reporter-output>
  </reporter-output>
  <suite name="FullRun" duration-ms="30793" started-at="2018-10-02T11:52:22Z" finished-at="2018-10-02T11:52:53Z">
    <groups>
    </groups>
    <test name="Regression" duration-ms="30793" started-at="2018-10-02T11:52:22Z" finished-at="2018-10-02T11:52:53Z">
      <class name="mpcTesting.InitialClass">
        <test-method status="PASS" signature="beforeClass()[pri:0, instance:mpcTesting.InitialClass@59fa1d9b]" name="beforeClass" is-config="true" duration-ms="20" started-at="2018-10-02T11:52:22Z" finished-at="2018-10-02T11:52:22Z">
          <reporter-output>
          </reporter-output>
        </test-method> <!-- beforeClass -->
        <test-method status="PASS" signature="aferClass()[pri:0, instance:mpcTesting.InitialClass@59fa1d9b]" name="aferClass" is-config="true" duration-ms="1" started-at="2018-10-02T11:52:53Z" finished-at="2018-10-02T11:52:53Z">
          <reporter-output>
          </reporter-output>
        </test-method> <!-- aferClass -->
      </class> <!-- mpcTesting.InitialClass -->
      <class name="mpcTesting.ContactPageValidation">
        <test-method status="PASS" signature="beforeMethod()[pri:0, instance:mpcTesting.ContactPageValidation@28d25987]" name="beforeMethod" is-config="true" duration-ms="7489" started-at="2018-10-02T11:52:22Z" finished-at="2018-10-02T11:52:30Z">
          <reporter-output>
          </reporter-output>
        </test-method> <!-- beforeMethod -->
        <test-method status="PASS" signature="checkValidationMsg()[pri:0, instance:mpcTesting.ContactPageValidation@28d25987]" name="checkValidationMsg" duration-ms="522" started-at="2018-10-02T11:52:30Z" finished-at="2018-10-02T11:52:30Z">
          <reporter-output>
          </reporter-output>
        </test-method> <!-- checkValidationMsg -->
        <test-method status="PASS" signature="afterMethod()[pri:0, instance:mpcTesting.ContactPageValidation@28d25987]" name="afterMethod" is-config="true" duration-ms="634" started-at="2018-10-02T11:52:30Z" finished-at="2018-10-02T11:52:31Z">
          <reporter-output>
          </reporter-output>
        </test-method> <!-- afterMethod -->
        <test-method status="PASS" signature="beforeMethod()[pri:0, instance:mpcTesting.ContactPageValidation@28d25987]" name="beforeMethod" is-config="true" duration-ms="6648" started-at="2018-10-02T11:52:31Z" finished-at="2018-10-02T11:52:37Z">
          <reporter-output>
          </reporter-output>
        </test-method> <!-- beforeMethod -->
        <test-method status="FAIL" signature="inputValues()[pri:0, instance:mpcTesting.ContactPageValidation@28d25987]" name="inputValues" duration-ms="407" started-at="2018-10-02T11:52:37Z" finished-at="2018-10-02T11:52:38Z">
          <exception class="java.lang.AssertionError">
            <message>
              <![CDATA[The following asserts failed:
expected [Validation Msg is appearing] but found [false]]]>
            </message>
            <full-stacktrace>
              <![CDATA[java.lang.AssertionError: The following asserts failed:
expected [Validation Msg is appearing] but found [false]
at org.testng.asserts.SoftAssert.assertAll(SoftAssert.java:43)
at mpcTesting.ContactPageValidation.inputValues(ContactPageValidation.java:93)
at sun.reflect.NativeMethodAccessorImpl.invoke0(Native Method)
at sun.reflect.NativeMethodAccessorImpl.invoke(Unknown Source)
at sun.reflect.DelegatingMethodAccessorImpl.invoke(Unknown Source)
at java.lang.reflect.Method.invoke(Unknown Source)
at org.testng.internal.MethodInvocationHelper.invokeMethod(MethodInvocationHelper.java:124)
at org.testng.internal.Invoker.invokeMethod(Invoker.java:583)
at org.testng.internal.Invoker.invokeTestMethod(Invoker.java:719)
at org.testng.internal.Invoker.invokeTestMethods(Invoker.java:989)
at org.testng.internal.TestMethodWorker.invokeTestMethods(TestMethodWorker.java:125)
at org.testng.internal.TestMethodWorker.run(TestMethodWorker.java:109)
at org.testng.TestRunner.privateRun(TestRunner.java:648)
at org.testng.TestRunner.run(TestRunner.java:505)
at org.testng.SuiteRunner.runTest(SuiteRunner.java:455)
at org.testng.SuiteRunner.runSequentially(SuiteRunner.java:450)
at org.testng.SuiteRunner.privateRun(SuiteRunner.java:415)
at org.testng.SuiteRunner.run(SuiteRunner.java:364)
at org.testng.SuiteRunnerWorker.runSuite(SuiteRunnerWorker.java:52)
at org.testng.SuiteRunnerWorker.run(SuiteRunnerWorker.java:84)
at org.testng.TestNG.runSuitesSequentially(TestNG.java:1208)
at org.testng.TestNG.runSuitesLocally(TestNG.java:1137)
at org.testng.TestNG.runSuites(TestNG.java:1049)
at org.testng.TestNG.run(TestNG.java:1017)
at org.testng.remote.AbstractRemoteTestNG.run(AbstractRemoteTestNG.java:114)
at org.testng.remote.RemoteTestNG.initAndRun(RemoteTestNG.java:251)
at org.testng.remote.RemoteTestNG.main(RemoteTestNG.java:77)
]]>
            </full-stacktrace>
          </exception> <!-- java.lang.AssertionError -->
          <reporter-output>
          </reporter-output>
        </test-method> <!-- inputValues -->
        <test-method status="PASS" signature="afterMethod()[pri:0, instance:mpcTesting.ContactPageValidation@28d25987]" name="afterMethod" is-config="true" duration-ms="632" started-at="2018-10-02T11:52:38Z" finished-at="2018-10-02T11:52:38Z">
          <reporter-output>
          </reporter-output>
        </test-method> <!-- afterMethod -->
      </class> <!-- mpcTesting.ContactPageValidation -->
      <class name="mpcTesting.PerformanceTest">
        <test-method status="PASS" signature="beforeMethod()[pri:0, instance:mpcTesting.PerformanceTest@4501b7af]" name="beforeMethod" is-config="true" duration-ms="2583" started-at="2018-10-02T11:52:38Z" finished-at="2018-10-02T11:52:41Z">
          <reporter-output>
          </reporter-output>
        </test-method> <!-- beforeMethod -->
        <test-method status="PASS" signature="contactPage()[pri:0, instance:mpcTesting.PerformanceTest@4501b7af]" name="contactPage" duration-ms="4244" started-at="2018-10-02T11:52:41Z" finished-at="2018-10-02T11:52:45Z">
          <reporter-output>
          </reporter-output>
        </test-method> <!-- contactPage -->
        <test-method status="PASS" signature="afterMethod()[pri:0, instance:mpcTesting.PerformanceTest@4501b7af]" name="afterMethod" is-config="true" duration-ms="636" started-at="2018-10-02T11:52:45Z" finished-at="2018-10-02T11:52:46Z">
          <reporter-output>
          </reporter-output>
        </test-method> <!-- afterMethod -->
        <test-method status="PASS" signature="beforeMethod()[pri:0, instance:mpcTesting.PerformanceTest@4501b7af]" name="beforeMethod" is-config="true" duration-ms="2628" started-at="2018-10-02T11:52:46Z" finished-at="2018-10-02T11:52:49Z">
          <reporter-output>
          </reporter-output>
        </test-method> <!-- beforeMethod -->
        <test-method status="PASS" signature="homePage()[pri:0, instance:mpcTesting.PerformanceTest@4501b7af]" name="homePage" duration-ms="3706" started-at="2018-10-02T11:52:49Z" finished-at="2018-10-02T11:52:52Z">
          <reporter-output>
          </reporter-output>
        </test-method> <!-- homePage -->
        <test-method status="PASS" signature="afterMethod()[pri:0, instance:mpcTesting.PerformanceTest@4501b7af]" name="afterMethod" is-config="true" duration-ms="634" started-at="2018-10-02T11:52:52Z" finished-at="2018-10-02T11:52:53Z">
          <reporter-output>
          </reporter-output>
        </test-method> <!-- afterMethod -->
      </class> <!-- mpcTesting.PerformanceTest -->
    </test> <!-- Regression -->
  </suite> <!-- FullRun -->
</testng-results>
